<?xml version="1.0" encoding="UTF-8"?>
<!-- Generated by org.testng.reporters.JUnitReportReporter -->
<testsuite skipped="0" hostname="ChandanPC" name="com.fullstack.batch3.AppTest" tests="1" failures="0" timestamp="19 Sep 2020 11:54:40 GMT" time="37.132" errors="0">
  <testcase name="loginWithCorrectCredentials" time="37.132" classname="com.fullstack.batch3.AppTest"/>
</testsuite> <!-- com.fullstack.batch3.AppTest -->
